<?xml version="1.0" encoding="UTF-8"?>
<!-- Generated by org.testng.reporters.JUnitXMLReporter -->
<testsuite ignored="0" hostname="DESKTOP-C6MOVE5" failures="0" tests="3" name="Error Validation Test" time="17.483" errors="0" timestamp="2026-01-28T22:55:39 IST">
  <testcase classname="com.seleniumlearning.e2eTest.ErrorValidationTest" name="buyDifferentProduct" time="0.0">
    <skipped/>
  </testcase> <!-- buyDifferentProduct -->
  <testcase classname="com.seleniumlearning.e2eTest.ErrorValidationTest" name="buyProduct" time="0.0">
    <skipped/>
  </testcase> <!-- buyProduct -->
  <testcase classname="com.seleniumlearning.e2eTest.ErrorValidationTest" name="incorrectEmailSubmit" time="0.0">
    <skipped/>
  </testcase> <!-- incorrectEmailSubmit -->
</testsuite> <!-- Error Validation Test -->
