<?xml version="1.0" encoding="UTF-8"?>
<!-- Generated by org.testng.reporters.JUnitXMLReporter -->
<testsuite ignored="1" hostname="DESKTOP-C6MOVE5" failures="0" tests="2" name="Error Validation Test" time="18.65" errors="0" timestamp="2026-01-26T22:27:14 IST">
  <testcase classname="com.seleniumlearning.e2eTest.ErrorValidationTest" name="buyDifferentProduct" time="0.0">
    <skipped/>
  </testcase> <!-- buyDifferentProduct -->
  <testcase classname="com.seleniumlearning.e2eTest.ErrorValidationTest" name="incorrectEmailSubmit" time="0.0">
    <skipped/>
  </testcase> <!-- incorrectEmailSubmit -->
  <testcase classname="com.seleniumlearning.e2eTest.ErrorValidationTest" name="buyProduct" time="0.0">
    <ignored/>
  </testcase> <!-- buyProduct -->
</testsuite> <!-- Error Validation Test -->
