<?xml version="1.0" encoding="UTF-8"?>
<!-- Generated by org.testng.reporters.JUnitXMLReporter -->
<testsuite ignored="2" hostname="DESKTOP-C6MOVE5" failures="0" tests="0" time="0.042" errors="0" timestamp="2026-01-26T22:26:55 IST">
  <testcase classname="com.seleniumlearning.e2eTest.SubmitOrderTest" name="SubmitOrder" time="0.0">
    <ignored/>
  </testcase> <!-- SubmitOrder -->
  <testcase classname="com.seleniumlearning.e2eTest.SubmitOrderTest" name="orderHistory" time="0.0">
    <ignored/>
  </testcase> <!-- orderHistory -->
</testsuite>
