<?xml version="1.0" encoding="UTF-8"?>
<!-- Generated by org.testng.reporters.JUnitReportReporter -->
<testsuite hostname="DESKTOP-C6MOVE5" failures="0" tests="3" name="com.seleniumlearning.e2eTest.SubmitOrderTest" time="44.708" errors="0" timestamp="2026-01-26T16:16:21 IST" skipped="0">
  <testcase classname="com.seleniumlearning.e2eTest.SubmitOrderTest" name="orderHistory" time="8.915"/>
  <testcase classname="com.seleniumlearning.e2eTest.SubmitOrderTest" name="SubmitOrder" time="17.144"/>
  <testcase classname="com.seleniumlearning.e2eTest.SubmitOrderTest" name="SubmitOrder" time="18.649"/>
</testsuite> <!-- com.seleniumlearning.e2eTest.SubmitOrderTest -->
